1609977942879	geckodriver	INFO	Listening on 127.0.0.1:53333
1609977943587	mozrunner::runner	INFO	Running command: "/Applications/Firefox.app/Contents/MacOS/firefox-bin" "--marionette" "-foreground" "-no-remote" "-profile" "/var/folders/mg/85b2w2tx2cq1dq0zs46k9dnw0000gn/T/rust_mozprofileXAfM79"
console.warn: SearchSettings: "get: No settings file exists, new profile?" (new Error("", "(unknown module)"))
1609977947617	Marionette	INFO	Listening on port 53342
1609977947747	Marionette	WARN	TLS certificate errors will be ignored for this session
1609977947822	Marionette	INFO	Stopped listening on port 53342
JavaScript error: resource://activity-stream/lib/ASRouter.jsm, line 987: NS_ERROR_ILLEGAL_VALUE: Component returned failure code: 0x80070057 (NS_ERROR_ILLEGAL_VALUE) [nsIObserverService.removeObserver]

###!!! [Parent][RunMessage] Error: Channel closing: too late to send/recv, messages will be lost

1609978005670	geckodriver	INFO	Listening on 127.0.0.1:53418
1609978005690	mozrunner::runner	INFO	Running command: "/Applications/Firefox.app/Contents/MacOS/firefox-bin" "--marionette" "-foreground" "-no-remote" "-profile" "/var/folders/mg/85b2w2tx2cq1dq0zs46k9dnw0000gn/T/rust_mozprofile8P0WRw"
console.warn: SearchSettings: "get: No settings file exists, new profile?" (new Error("", "(unknown module)"))
1609978008910	Marionette	INFO	Listening on port 53423
1609978008998	Marionette	WARN	TLS certificate errors will be ignored for this session
1609978009077	Marionette	INFO	Stopped listening on port 53423
JavaScript error: resource://activity-stream/lib/ASRouter.jsm, line 987: NS_ERROR_ILLEGAL_VALUE: Component returned failure code: 0x80070057 (NS_ERROR_ILLEGAL_VALUE) [nsIObserverService.removeObserver]
console.error: Region.jsm: "Error fetching region" (new TypeError("NetworkError when attempting to fetch resource.", ""))
console.error: Region.jsm: "Failed to fetch region" (new Error("NO_RESULT", "resource://gre/modules/Region.jsm", 376))
console.warn: services.settings: main/cfr-fxa sync interrupted by shutdown

###!!! [Parent][RunMessage] Error: Channel closing: too late to send/recv, messages will be lost

1609978119978	geckodriver	INFO	Listening on 127.0.0.1:53505
1609978119996	mozrunner::runner	INFO	Running command: "/Applications/Firefox.app/Contents/MacOS/firefox-bin" "--marionette" "-foreground" "-no-remote" "-profile" "/var/folders/mg/85b2w2tx2cq1dq0zs46k9dnw0000gn/T/rust_mozprofileQ6o7yo"
console.warn: SearchSettings: "get: No settings file exists, new profile?" (new Error("", "(unknown module)"))
1609978123514	Marionette	INFO	Listening on port 53510
1609978123613	Marionette	WARN	TLS certificate errors will be ignored for this session
1609978123743	Marionette	INFO	Stopped listening on port 53510
JavaScript error: resource://activity-stream/lib/ASRouter.jsm, line 987: NS_ERROR_ILLEGAL_VALUE: Component returned failure code: 0x80070057 (NS_ERROR_ILLEGAL_VALUE) [nsIObserverService.removeObserver]
console.warn: services.settings: main/cfr-fxa sync interrupted by shutdown

###!!! [Parent][RunMessage] Error: Channel closing: too late to send/recv, messages will be lost

1609978188220	geckodriver	INFO	Listening on 127.0.0.1:53578
1609978188245	mozrunner::runner	INFO	Running command: "/Applications/Firefox.app/Contents/MacOS/firefox-bin" "--marionette" "-foreground" "-no-remote" "-profile" "/var/folders/mg/85b2w2tx2cq1dq0zs46k9dnw0000gn/T/rust_mozprofileCnlkCb"
console.warn: SearchSettings: "get: No settings file exists, new profile?" (new Error("", "(unknown module)"))
1609978191684	Marionette	INFO	Listening on port 53583
1609978191773	Marionette	WARN	TLS certificate errors will be ignored for this session
1609978191866	Marionette	INFO	Stopped listening on port 53583
JavaScript error: resource://activity-stream/lib/ASRouter.jsm, line 987: NS_ERROR_ILLEGAL_VALUE: Component returned failure code: 0x80070057 (NS_ERROR_ILLEGAL_VALUE) [nsIObserverService.removeObserver]
console.error: services.settings: 
  main/cfr-fxa Signature failed  TypeError: NetworkError when attempting to fetch resource.

###!!! [Parent][RunMessage] Error: Channel closing: too late to send/recv, messages will be lost

1609978321153	geckodriver	INFO	Listening on 127.0.0.1:53671
1609978321172	mozrunner::runner	INFO	Running command: "/Applications/Firefox.app/Contents/MacOS/firefox-bin" "--marionette" "-foreground" "-no-remote" "-profile" "/var/folders/mg/85b2w2tx2cq1dq0zs46k9dnw0000gn/T/rust_mozprofilek4sSEL"
console.warn: SearchSettings: "get: No settings file exists, new profile?" (new Error("", "(unknown module)"))
1609978324554	Marionette	INFO	Listening on port 53676
1609978324665	Marionette	WARN	TLS certificate errors will be ignored for this session
1609978324698	Marionette	INFO	Stopped listening on port 53676
JavaScript error: resource://activity-stream/lib/ASRouter.jsm, line 987: NS_ERROR_ILLEGAL_VALUE: Component returned failure code: 0x80070057 (NS_ERROR_ILLEGAL_VALUE) [nsIObserverService.removeObserver]
console.warn: services.settings: main/cfr-fxa sync interrupted by shutdown

###!!! [Parent][RunMessage] Error: Channel closing: too late to send/recv, messages will be lost

1609978419833	geckodriver	INFO	Listening on 127.0.0.1:53743
1609978419855	mozrunner::runner	INFO	Running command: "/Applications/Firefox.app/Contents/MacOS/firefox-bin" "--marionette" "-foreground" "-no-remote" "-profile" "/var/folders/mg/85b2w2tx2cq1dq0zs46k9dnw0000gn/T/rust_mozprofileC04it1"
console.warn: SearchSettings: "get: No settings file exists, new profile?" (new Error("", "(unknown module)"))
1609978423450	Marionette	INFO	Listening on port 53748
1609978423566	Marionette	WARN	TLS certificate errors will be ignored for this session
1609978423613	Marionette	INFO	Stopped listening on port 53748
JavaScript error: resource://activity-stream/lib/ASRouter.jsm, line 987: NS_ERROR_ILLEGAL_VALUE: Component returned failure code: 0x80070057 (NS_ERROR_ILLEGAL_VALUE) [nsIObserverService.removeObserver]
console.error: services.settings: 
  main/cfr-fxa Signature failed  TypeError: NetworkError when attempting to fetch resource.

###!!! [Parent][RunMessage] Error: Channel closing: too late to send/recv, messages will be lost

1609978453013	geckodriver	INFO	Listening on 127.0.0.1:53814
1609978453033	mozrunner::runner	INFO	Running command: "/Applications/Firefox.app/Contents/MacOS/firefox-bin" "--marionette" "-foreground" "-no-remote" "-profile" "/var/folders/mg/85b2w2tx2cq1dq0zs46k9dnw0000gn/T/rust_mozprofileOz5dE1"
console.warn: SearchSettings: "get: No settings file exists, new profile?" (new Error("", "(unknown module)"))
1609978456191	Marionette	INFO	Listening on port 53819
1609978456241	Marionette	WARN	TLS certificate errors will be ignored for this session
1609978456625	Marionette	INFO	Stopped listening on port 53819
JavaScript error: resource://activity-stream/lib/ASRouter.jsm, line 987: NS_ERROR_ILLEGAL_VALUE: Component returned failure code: 0x80070057 (NS_ERROR_ILLEGAL_VALUE) [nsIObserverService.removeObserver]
1609979055091	geckodriver	INFO	Listening on 127.0.0.1:54060
1609979055111	mozrunner::runner	INFO	Running command: "/Applications/Firefox.app/Contents/MacOS/firefox-bin" "--marionette" "-foreground" "-no-remote" "-profile" "/var/folders/mg/85b2w2tx2cq1dq0zs46k9dnw0000gn/T/rust_mozprofileCIz5tf"
console.warn: SearchSettings: "get: No settings file exists, new profile?" (new Error("", "(unknown module)"))
1609979059203	Marionette	INFO	Listening on port 54065
1609979059319	Marionette	WARN	TLS certificate errors will be ignored for this session
1609979060146	Marionette	INFO	Stopped listening on port 54065

###!!! [Parent][RunMessage] Error: Channel closing: too late to send/recv, messages will be lost

